[2021-05-03 06:59:39.805] [exthost] [info] extension host started
[2021-05-03 06:59:39.902] [exthost] [info] ExtensionService#_doActivateExtension vscode.debug-auto-launch {"startup":true,"extensionId":{"value":"vscode.debug-auto-launch","_lower":"vscode.debug-auto-launch"},"activationEvent":"*"}
[2021-05-03 06:59:39.902] [exthost] [info] ExtensionService#loadCommonJSModule file:///usr/lib/code-server/lib/vscode/extensions/debug-auto-launch/dist/extension
[2021-05-03 06:59:39.908] [exthost] [info] ExtensionService#_doActivateExtension vscode.emmet {"startup":true,"extensionId":{"value":"vscode.emmet","_lower":"vscode.emmet"},"activationEvent":"*"}
[2021-05-03 06:59:39.908] [exthost] [info] ExtensionService#loadCommonJSModule file:///usr/lib/code-server/lib/vscode/extensions/emmet/dist/node/emmetNodeMain
[2021-05-03 06:59:40.002] [exthost] [info] ExtensionService#_doActivateExtension vscode.git {"startup":true,"extensionId":{"value":"vscode.github","_lower":"vscode.github"},"activationEvent":"*"}
[2021-05-03 06:59:40.002] [exthost] [info] ExtensionService#loadCommonJSModule file:///usr/lib/code-server/lib/vscode/extensions/git/dist/main
[2021-05-03 06:59:40.089] [exthost] [info] ExtensionService#_doActivateExtension vscode.merge-conflict {"startup":true,"extensionId":{"value":"vscode.merge-conflict","_lower":"vscode.merge-conflict"},"activationEvent":"*"}
[2021-05-03 06:59:40.089] [exthost] [info] ExtensionService#loadCommonJSModule file:///usr/lib/code-server/lib/vscode/extensions/merge-conflict/dist/mergeConflictMain
[2021-05-03 06:59:40.094] [exthost] [info] ExtensionService#_doActivateExtension vscode.search-result {"startup":true,"extensionId":{"value":"vscode.search-result","_lower":"vscode.search-result"},"activationEvent":"*"}
[2021-05-03 06:59:40.094] [exthost] [info] ExtensionService#loadCommonJSModule file:///usr/lib/code-server/lib/vscode/extensions/search-result/dist/extension.js
[2021-05-03 06:59:40.194] [exthost] [info] ExtensionService#_doActivateExtension vscode.github {"startup":true,"extensionId":{"value":"vscode.github","_lower":"vscode.github"},"activationEvent":"*"}
[2021-05-03 06:59:40.194] [exthost] [info] ExtensionService#loadCommonJSModule file:///usr/lib/code-server/lib/vscode/extensions/github/dist/extension.js
[2021-05-03 06:59:40.264] [exthost] [info] eager extensions activated
[2021-05-03 06:59:40.307] [exthost] [info] ExtensionService#_doActivateExtension ms-vscode.js-debug {"startup":false,"extensionId":{"value":"ms-vscode.js-debug","_lower":"ms-vscode.js-debug"},"activationEvent":"onCommand:extension.js-debug.clearAutoAttachVariables"}
[2021-05-03 06:59:40.307] [exthost] [info] ExtensionService#loadCommonJSModule file:///usr/lib/code-server/lib/vscode/extensions/ms-vscode.js-debug/src/extension.js
[2021-05-03 07:03:23.467] [exthost] [info] extension host started
[2021-05-03 07:03:23.534] [exthost] [info] ExtensionService#_doActivateExtension vscode.debug-auto-launch {"startup":true,"extensionId":{"value":"vscode.debug-auto-launch","_lower":"vscode.debug-auto-launch"},"activationEvent":"*"}
[2021-05-03 07:03:23.535] [exthost] [info] ExtensionService#loadCommonJSModule file:///usr/lib/code-server/lib/vscode/extensions/debug-auto-launch/dist/extension
[2021-05-03 07:03:23.539] [exthost] [info] ExtensionService#_doActivateExtension vscode.emmet {"startup":true,"extensionId":{"value":"vscode.emmet","_lower":"vscode.emmet"},"activationEvent":"*"}
[2021-05-03 07:03:23.539] [exthost] [info] ExtensionService#loadCommonJSModule file:///usr/lib/code-server/lib/vscode/extensions/emmet/dist/node/emmetNodeMain
[2021-05-03 07:03:23.567] [exthost] [info] ExtensionService#_doActivateExtension vscode.git {"startup":true,"extensionId":{"value":"vscode.github","_lower":"vscode.github"},"activationEvent":"*"}
[2021-05-03 07:03:23.567] [exthost] [info] ExtensionService#loadCommonJSModule file:///usr/lib/code-server/lib/vscode/extensions/git/dist/main
[2021-05-03 07:03:23.658] [exthost] [info] ExtensionService#_doActivateExtension vscode.merge-conflict {"startup":true,"extensionId":{"value":"vscode.merge-conflict","_lower":"vscode.merge-conflict"},"activationEvent":"*"}
[2021-05-03 07:03:23.658] [exthost] [info] ExtensionService#loadCommonJSModule file:///usr/lib/code-server/lib/vscode/extensions/merge-conflict/dist/mergeConflictMain
[2021-05-03 07:03:23.661] [exthost] [info] ExtensionService#_doActivateExtension vscode.search-result {"startup":true,"extensionId":{"value":"vscode.search-result","_lower":"vscode.search-result"},"activationEvent":"*"}
[2021-05-03 07:03:23.661] [exthost] [info] ExtensionService#loadCommonJSModule file:///usr/lib/code-server/lib/vscode/extensions/search-result/dist/extension.js
[2021-05-03 07:03:23.757] [exthost] [info] ExtensionService#_doActivateExtension vscode.github {"startup":true,"extensionId":{"value":"vscode.github","_lower":"vscode.github"},"activationEvent":"*"}
[2021-05-03 07:03:23.758] [exthost] [info] ExtensionService#loadCommonJSModule file:///usr/lib/code-server/lib/vscode/extensions/github/dist/extension.js
[2021-05-03 07:03:23.828] [exthost] [info] eager extensions activated
[2021-05-03 07:03:23.855] [exthost] [info] ExtensionService#_doActivateExtension ms-vscode.js-debug {"startup":false,"extensionId":{"value":"ms-vscode.js-debug","_lower":"ms-vscode.js-debug"},"activationEvent":"onCommand:extension.js-debug.clearAutoAttachVariables"}
[2021-05-03 07:03:23.856] [exthost] [info] ExtensionService#loadCommonJSModule file:///usr/lib/code-server/lib/vscode/extensions/ms-vscode.js-debug/src/extension.js
[2021-05-05 05:59:03.078] [exthost] [info] extension host started
[2021-05-05 05:59:03.167] [exthost] [info] ExtensionService#_doActivateExtension vscode.debug-auto-launch {"startup":true,"extensionId":{"value":"vscode.debug-auto-launch","_lower":"vscode.debug-auto-launch"},"activationEvent":"*"}
[2021-05-05 05:59:03.167] [exthost] [info] ExtensionService#loadCommonJSModule file:///usr/lib/code-server/lib/vscode/extensions/debug-auto-launch/dist/extension
[2021-05-05 05:59:03.172] [exthost] [info] ExtensionService#_doActivateExtension vscode.emmet {"startup":true,"extensionId":{"value":"vscode.emmet","_lower":"vscode.emmet"},"activationEvent":"*"}
[2021-05-05 05:59:03.172] [exthost] [info] ExtensionService#loadCommonJSModule file:///usr/lib/code-server/lib/vscode/extensions/emmet/dist/node/emmetNodeMain
[2021-05-05 05:59:03.267] [exthost] [info] ExtensionService#_doActivateExtension vscode.git {"startup":true,"extensionId":{"value":"vscode.github","_lower":"vscode.github"},"activationEvent":"*"}
[2021-05-05 05:59:03.267] [exthost] [info] ExtensionService#loadCommonJSModule file:///usr/lib/code-server/lib/vscode/extensions/git/dist/main
[2021-05-05 05:59:03.358] [exthost] [info] ExtensionService#_doActivateExtension vscode.merge-conflict {"startup":true,"extensionId":{"value":"vscode.merge-conflict","_lower":"vscode.merge-conflict"},"activationEvent":"*"}
[2021-05-05 05:59:03.358] [exthost] [info] ExtensionService#loadCommonJSModule file:///usr/lib/code-server/lib/vscode/extensions/merge-conflict/dist/mergeConflictMain
[2021-05-05 05:59:03.361] [exthost] [info] ExtensionService#_doActivateExtension vscode.search-result {"startup":true,"extensionId":{"value":"vscode.search-result","_lower":"vscode.search-result"},"activationEvent":"*"}
[2021-05-05 05:59:03.361] [exthost] [info] ExtensionService#loadCommonJSModule file:///usr/lib/code-server/lib/vscode/extensions/search-result/dist/extension.js
[2021-05-05 05:59:03.465] [exthost] [info] ExtensionService#_doActivateExtension vscode.github {"startup":true,"extensionId":{"value":"vscode.github","_lower":"vscode.github"},"activationEvent":"*"}
[2021-05-05 05:59:03.465] [exthost] [info] ExtensionService#loadCommonJSModule file:///usr/lib/code-server/lib/vscode/extensions/github/dist/extension.js
[2021-05-05 05:59:03.557] [exthost] [info] eager extensions activated
[2021-05-05 05:59:03.558] [exthost] [info] ExtensionService#_doActivateExtension ms-vscode.js-debug {"startup":false,"extensionId":{"value":"ms-vscode.js-debug","_lower":"ms-vscode.js-debug"},"activationEvent":"onCommand:extension.js-debug.clearAutoAttachVariables"}
[2021-05-05 05:59:03.558] [exthost] [info] ExtensionService#loadCommonJSModule file:///usr/lib/code-server/lib/vscode/extensions/ms-vscode.js-debug/src/extension.js
[2021-05-05 08:23:38.283] [exthost] [warning] [Decorations] CAPPING events from decorations provider vscode.git 465
[2021-05-05 08:23:43.394] [exthost] [warning] [Decorations] CAPPING events from decorations provider vscode.git 465
[2021-05-05 08:23:48.440] [exthost] [warning] [Decorations] CAPPING events from decorations provider vscode.git 465
[2021-05-05 08:23:53.489] [exthost] [warning] [Decorations] CAPPING events from decorations provider vscode.git 465
[2021-05-05 08:23:59.157] [exthost] [warning] [Decorations] CAPPING events from decorations provider vscode.git 465
[2021-05-05 08:24:04.211] [exthost] [warning] [Decorations] CAPPING events from decorations provider vscode.git 465
[2021-05-05 08:24:09.431] [exthost] [warning] [Decorations] CAPPING events from decorations provider vscode.git 466
[2021-05-05 08:24:14.537] [exthost] [warning] [Decorations] CAPPING events from decorations provider vscode.git 466
[2021-05-05 08:35:57.456] [exthost] [info] ExtensionService#_doActivateExtension vscode.github-authentication {"startup":false,"extensionId":{"value":"vscode.github-authentication","_lower":"vscode.github-authentication"},"activationEvent":"onAuthenticationRequest:github"}
[2021-05-05 08:35:57.456] [exthost] [info] ExtensionService#loadCommonJSModule file:///usr/lib/code-server/lib/vscode/extensions/github-authentication/dist/extension.js
[2021-05-05 08:37:12.497] [exthost] [info] extension host started
[2021-05-05 08:37:12.559] [exthost] [info] ExtensionService#_doActivateExtension vscode.debug-auto-launch {"startup":true,"extensionId":{"value":"vscode.debug-auto-launch","_lower":"vscode.debug-auto-launch"},"activationEvent":"*"}
[2021-05-05 08:37:12.559] [exthost] [info] ExtensionService#loadCommonJSModule file:///usr/lib/code-server/lib/vscode/extensions/debug-auto-launch/dist/extension
[2021-05-05 08:37:12.564] [exthost] [info] ExtensionService#_doActivateExtension vscode.emmet {"startup":true,"extensionId":{"value":"vscode.emmet","_lower":"vscode.emmet"},"activationEvent":"*"}
[2021-05-05 08:37:12.564] [exthost] [info] ExtensionService#loadCommonJSModule file:///usr/lib/code-server/lib/vscode/extensions/emmet/dist/node/emmetNodeMain
[2021-05-05 08:37:12.593] [exthost] [info] ExtensionService#_doActivateExtension vscode.git {"startup":true,"extensionId":{"value":"vscode.github","_lower":"vscode.github"},"activationEvent":"*"}
[2021-05-05 08:37:12.593] [exthost] [info] ExtensionService#loadCommonJSModule file:///usr/lib/code-server/lib/vscode/extensions/git/dist/main
[2021-05-05 08:37:12.651] [exthost] [info] ExtensionService#_doActivateExtension vscode.merge-conflict {"startup":true,"extensionId":{"value":"vscode.merge-conflict","_lower":"vscode.merge-conflict"},"activationEvent":"*"}
[2021-05-05 08:37:12.651] [exthost] [info] ExtensionService#loadCommonJSModule file:///usr/lib/code-server/lib/vscode/extensions/merge-conflict/dist/mergeConflictMain
[2021-05-05 08:37:12.654] [exthost] [info] ExtensionService#_doActivateExtension vscode.search-result {"startup":true,"extensionId":{"value":"vscode.search-result","_lower":"vscode.search-result"},"activationEvent":"*"}
[2021-05-05 08:37:12.654] [exthost] [info] ExtensionService#loadCommonJSModule file:///usr/lib/code-server/lib/vscode/extensions/search-result/dist/extension.js
[2021-05-05 08:37:12.756] [exthost] [info] ExtensionService#_doActivateExtension vscode.github {"startup":true,"extensionId":{"value":"vscode.github","_lower":"vscode.github"},"activationEvent":"*"}
[2021-05-05 08:37:12.756] [exthost] [info] ExtensionService#loadCommonJSModule file:///usr/lib/code-server/lib/vscode/extensions/github/dist/extension.js
[2021-05-05 08:37:12.828] [exthost] [info] eager extensions activated
[2021-05-05 08:37:12.910] [exthost] [info] ExtensionService#_doActivateExtension ms-vscode.js-debug {"startup":false,"extensionId":{"value":"ms-vscode.js-debug","_lower":"ms-vscode.js-debug"},"activationEvent":"onCommand:extension.js-debug.clearAutoAttachVariables"}
[2021-05-05 08:37:12.910] [exthost] [info] ExtensionService#loadCommonJSModule file:///usr/lib/code-server/lib/vscode/extensions/ms-vscode.js-debug/src/extension.js
[2021-05-05 08:37:39.042] [exthost] [info] ExtensionService#_doActivateExtension vscode.github-authentication {"startup":false,"extensionId":{"value":"vscode.github-authentication","_lower":"vscode.github-authentication"},"activationEvent":"onAuthenticationRequest:github"}
[2021-05-05 08:37:39.042] [exthost] [info] ExtensionService#loadCommonJSModule file:///usr/lib/code-server/lib/vscode/extensions/github-authentication/dist/extension.js
